<?xml version="1.0" encoding="UTF-8"?>
<!-- Generated by org.testng.reporters.JUnitReportReporter -->
<testsuite hostname="DESKTOP-BIPJ7KQ" failures="0" tests="1" name="demo.Sample" time="0.013" errors="0" timestamp="2023-02-28T22:38:09 IST" skipped="0">
  <testcase classname="demo.Sample" name="sampleTest" time="0.013"/>
  <system-out/>
</testsuite> <!-- demo.Sample -->
