<?xml version="1.0" encoding="UTF-8"?>
<!-- Generated by org.testng.reporters.JUnitReportReporter -->
<testsuite hostname="DESKTOP-BIPJ7KQ" failures="0" tests="1" name="organizationTest.CreateOrgTest" time="0.011" errors="0" timestamp="2023-03-01T19:31:03 IST" skipped="0">
  <testcase classname="organizationTest.CreateOrgTest" name="tc_215_CreateOrgWithMandatoryFieldsTest" time="0.011"/>
  <system-out/>
</testsuite> <!-- organizationTest.CreateOrgTest -->
