<?xml version="1.0" encoding="UTF-8"?>
<!-- Generated by org.testng.reporters.JUnitReportReporter -->
<testsuite hostname="DESKTOP-BIPJ7KQ" failures="0" tests="2" name="organizationTest.CreateOrgTest" time="0.017" errors="0" timestamp="2023-03-01T20:17:10 IST" skipped="0">
  <testcase classname="organizationTest.CreateOrgTest" name="tc_216_CreateOrgWithIndustryTest" time="0.001"/>
  <system-out/>
  <testcase classname="organizationTest.CreateOrgTest" name="tc_215_CreateOrgWithMandatoryFieldsTest" time="0.016"/>
  <system-out/>
</testsuite> <!-- organizationTest.CreateOrgTest -->
